<?xml version="1.0" encoding="UTF-8"?>
<!-- Generated by org.testng.reporters.JUnitReportReporter -->
<testsuite skipped="0" hostname="DESKTOP-46AVGED" name="sonect.sonect.SonectAppTest" tests="7" failures="0" timestamp="2020-12-11T13:12:55 IST" time="534.528" errors="0">
  <testcase name="SonnectHomePageTest" time="33.970" classname="sonect.sonect.SonectAppTest"/>
  <system-out/>
  <testcase name="SonnectCountryPickerScreenTest" time="54.377" classname="sonect.sonect.SonectAppTest"/>
  <system-out/>
  <testcase name="SonnectPhoneNumberScreenTest" time="82.745" classname="sonect.sonect.SonectAppTest"/>
  <system-out/>
  <testcase name="SonnectTanActivationScreenTest" time="75.707" classname="sonect.sonect.SonectAppTest"/>
  <system-out/>
  <testcase name="SonnectPersonalInfoScreenTest" time="67.670" classname="sonect.sonect.SonectAppTest"/>
  <system-out/>
  <testcase name="PasscodeScreenTest" time="140.557" classname="sonect.sonect.SonectAppTest"/>
  <system-out/>
  <testcase name="NotificationScreenTest" time="79.502" classname="sonect.sonect.SonectAppTest"/>
  <system-out/>
</testsuite> <!-- sonect.sonect.SonectAppTest -->
