<?xml version="1.0" encoding="UTF-8"?>
<!-- Generated by org.testng.reporters.JUnitReportReporter -->
<testsuite skipped="6" hostname="DESKTOP-46AVGED" name="sonect.sonect.OnBoardingEUTest" tests="8" failures="0" timestamp="2020-12-18T17:24:16 IST" time="147.125" errors="0">
  <testcase name="SonnectPhoneNumberScreenTest" time="75.458" classname="sonect.sonect.OnBoardingEUTest"/>
  <system-out/>
  <testcase name="SonnectTanActivationScreenTest" time="71.667" classname="sonect.sonect.OnBoardingEUTest"/>
  <system-out/>
  <testcase name="NotificationScreenTest" classname="sonect.sonect.OnBoardingEUTest">
    <skipped/>
  </testcase> <!-- NotificationScreenTest -->
  <system-out/>
  <testcase name="SonnectPersonalInfoScreenTest" classname="sonect.sonect.OnBoardingEUTest">
    <skipped/>
  </testcase> <!-- SonnectPersonalInfoScreenTest -->
  <system-out/>
  <testcase name="SonnectHomePageTest" classname="sonect.sonect.OnBoardingEUTest">
    <skipped/>
  </testcase> <!-- SonnectHomePageTest -->
  <system-out/>
  <testcase name="PasscodeScreenTest" classname="sonect.sonect.OnBoardingEUTest">
    <skipped/>
  </testcase> <!-- PasscodeScreenTest -->
  <system-out/>
  <testcase name="AddressScreenTest" classname="sonect.sonect.OnBoardingEUTest">
    <skipped/>
  </testcase> <!-- AddressScreenTest -->
  <system-out/>
  <testcase name="SonnectCountryPickerScreenTest" classname="sonect.sonect.OnBoardingEUTest">
    <skipped/>
  </testcase> <!-- SonnectCountryPickerScreenTest -->
  <system-out/>
</testsuite> <!-- sonect.sonect.OnBoardingEUTest -->
