<?xml version="1.0" encoding="UTF-8"?>
<!-- Generated by org.testng.reporters.JUnitReportReporter -->
<testsuite skipped="0" hostname="DESKTOP-46AVGED" name="sonect.sonect.ExistingUserTest" tests="1" failures="0" timestamp="2020-12-14T13:37:03 IST" time="77.041" errors="0">
  <testcase name="ExistingUserFlowTest" time="77.041" classname="sonect.sonect.ExistingUserTest"/>
  <system-out/>
</testsuite> <!-- sonect.sonect.ExistingUserTest -->
