<?xml version="1.0" encoding="UTF-8"?>
<!-- Generated by org.testng.reporters.JUnitReportReporter -->
<testsuite skipped="0" hostname="DESKTOP-46AVGED" name="sonect.sonect.AppTest" tests="2" failures="0" timestamp="2020-11-25T20:08:33 IST" time="59.235" errors="0">
  <testcase name="SonnectFirstPageTest" time="32.720" classname="sonect.sonect.AppTest"/>
  <system-out/>
  <testcase name="SonnectFlow" time="26.515" classname="sonect.sonect.AppTest"/>
  <system-out/>
</testsuite> <!-- sonect.sonect.AppTest -->
